app/build/intermediates/manifest_merge_blame_file/debug/manifest-merger-blame-debug-report.txt
1<?xml version="1.0" encoding="utf-8"?>
2<manifest xmlns:android="http://schemas.android.com/apk/res/android"
3    package="com.example.projectmpecommerceapp"
4    android:versionCode="1"
5    android:versionName="1.0" >
6
7    <uses-sdk
8        android:minSdkVersion="21"
8-->src\main\AndroidManifest.xml
9        android:targetSdkVersion="30" />
9-->src\main\AndroidManifest.xml
10
11    <uses-permission android:name="android.permission.INTERNET" />
11-->src\main\AndroidManifest.xml:5:5-67
11-->src\main\AndroidManifest.xml:5:22-64
12    <uses-permission android:name="android.permission.ACCESS_NETWORK_STATE" />
12-->src\main\AndroidManifest.xml:6:5-79
12-->src\main\AndroidManifest.xml:6:22-76
13
14    <application
14-->src\main\AndroidManifest.xml:8:5-58:19
15        android:allowBackup="true"
15-->src\main\AndroidManifest.xml:9:9-35
16        android:appComponentFactory="androidx.core.app.CoreComponentFactory"
16-->[androidx.core:core:1.7.0] AndroidManifest.xml:24:18-86
17        android:debuggable="true"
18        android:icon="@mipmap/ic_launcher"
18-->src\main\AndroidManifest.xml:10:9-43
19        android:label="@string/app_name"
19-->src\main\AndroidManifest.xml:11:9-41
20        android:roundIcon="@mipmap/ic_launcher_round"
20-->src\main\AndroidManifest.xml:12:9-54
21        android:supportsRtl="true"
21-->src\main\AndroidManifest.xml:13:9-35
22        android:testOnly="true"
23        android:theme="@style/Theme.ProjectMPEcommerceApp" >
23-->src\main\AndroidManifest.xml:14:9-59
24        <activity
24-->src\main\AndroidManifest.xml:15:9-17:39
25            android:name="com.example.projectmpecommerceapp.activities.PaymentActivity"
25-->src\main\AndroidManifest.xml:16:13-55
26            android:exported="false" />
26-->src\main\AndroidManifest.xml:17:13-37
27        <activity
27-->src\main\AndroidManifest.xml:18:9-20:40
28            android:name="com.example.projectmpecommerceapp.activities.AddAddressActivity"
28-->src\main\AndroidManifest.xml:19:13-58
29            android:exported="false" />
29-->src\main\AndroidManifest.xml:20:13-37
30        <activity
30-->src\main\AndroidManifest.xml:21:9-23:40
31            android:name="com.example.projectmpecommerceapp.activities.AddressActivity"
31-->src\main\AndroidManifest.xml:22:13-55
32            android:exported="false" />
32-->src\main\AndroidManifest.xml:23:13-37
33        <activity
33-->src\main\AndroidManifest.xml:24:9-26:40
34            android:name="com.example.projectmpecommerceapp.activities.CartActivity"
34-->src\main\AndroidManifest.xml:25:13-52
35            android:exported="false" />
35-->src\main\AndroidManifest.xml:26:13-37
36        <activity
36-->src\main\AndroidManifest.xml:27:9-29:40
37            android:name="com.example.projectmpecommerceapp.activities.ShowAllActivity"
37-->src\main\AndroidManifest.xml:28:13-55
38            android:exported="false" />
38-->src\main\AndroidManifest.xml:29:13-37
39        <activity
39-->src\main\AndroidManifest.xml:30:9-32:40
40            android:name="com.example.projectmpecommerceapp.activities.DetailedActivity"
40-->src\main\AndroidManifest.xml:31:13-56
41            android:exported="false" />
41-->src\main\AndroidManifest.xml:32:13-37
42        <activity
42-->src\main\AndroidManifest.xml:33:9-35:40
43            android:name="com.example.projectmpecommerceapp.activities.OnBoardingActivity"
43-->src\main\AndroidManifest.xml:34:13-58
44            android:exported="false" />
44-->src\main\AndroidManifest.xml:35:13-37
45        <activity
45-->src\main\AndroidManifest.xml:36:9-38:40
46            android:name="com.example.projectmpecommerceapp.activities.LoginActivity"
46-->src\main\AndroidManifest.xml:37:13-53
47            android:exported="false" />
47-->src\main\AndroidManifest.xml:38:13-37
48        <activity
48-->src\main\AndroidManifest.xml:39:9-41:40
49            android:name="com.example.projectmpecommerceapp.activities.MainActivity"
49-->src\main\AndroidManifest.xml:40:13-52
50            android:exported="false" />
50-->src\main\AndroidManifest.xml:41:13-37
51        <activity
51-->src\main\AndroidManifest.xml:42:9-49:20
52            android:name="com.example.projectmpecommerceapp.activities.RegistrationActivity"
52-->src\main\AndroidManifest.xml:43:13-60
53            android:exported="true" >
53-->src\main\AndroidManifest.xml:44:13-36
54            <intent-filter>
54-->src\main\AndroidManifest.xml:45:13-48:29
55                <action android:name="android.intent.action.MAIN" />
55-->src\main\AndroidManifest.xml:46:17-69
55-->src\main\AndroidManifest.xml:46:25-66
56
57                <category android:name="android.intent.category.LAUNCHER" />
57-->src\main\AndroidManifest.xml:47:17-77
57-->src\main\AndroidManifest.xml:47:27-74
58            </intent-filter>
59        </activity>
60
61        <meta-data
61-->src\main\AndroidManifest.xml:51:9-53:57
62            android:name="preloaded_fonts"
62-->src\main\AndroidManifest.xml:52:13-43
63            android:resource="@array/preloaded_fonts" />
63-->src\main\AndroidManifest.xml:53:13-54
64        <meta-data
64-->src\main\AndroidManifest.xml:55:9-57:54
65            android:name="com.razorpay.ApiKey"
65-->src\main\AndroidManifest.xml:56:13-47
66            android:value="rzp_test_nIiw7flc034F8p" />
66-->src\main\AndroidManifest.xml:57:13-52
67
68        <activity
68-->[com.google.firebase:firebase-auth:21.0.3] AndroidManifest.xml:27:9-44:20
69            android:name="com.google.firebase.auth.internal.GenericIdpActivity"
69-->[com.google.firebase:firebase-auth:21.0.3] AndroidManifest.xml:28:13-80
70            android:excludeFromRecents="true"
70-->[com.google.firebase:firebase-auth:21.0.3] AndroidManifest.xml:29:13-46
71            android:exported="true"
71-->[com.google.firebase:firebase-auth:21.0.3] AndroidManifest.xml:30:13-36
72            android:launchMode="singleTask"
72-->[com.google.firebase:firebase-auth:21.0.3] AndroidManifest.xml:31:13-44
73            android:theme="@android:style/Theme.Translucent.NoTitleBar" >
73-->[com.google.firebase:firebase-auth:21.0.3] AndroidManifest.xml:32:13-72
74            <intent-filter>
74-->[com.google.firebase:firebase-auth:21.0.3] AndroidManifest.xml:33:13-43:29
75                <action android:name="android.intent.action.VIEW" />
75-->[com.google.firebase:firebase-auth:21.0.3] AndroidManifest.xml:34:17-69
75-->[com.google.firebase:firebase-auth:21.0.3] AndroidManifest.xml:34:25-66
76
77                <category android:name="android.intent.category.DEFAULT" />
77-->[com.google.firebase:firebase-auth:21.0.3] AndroidManifest.xml:36:17-76
77-->[com.google.firebase:firebase-auth:21.0.3] AndroidManifest.xml:36:27-73
78                <category android:name="android.intent.category.BROWSABLE" />
78-->[com.google.firebase:firebase-auth:21.0.3] AndroidManifest.xml:37:17-78
78-->[com.google.firebase:firebase-auth:21.0.3] AndroidManifest.xml:37:27-75
79
80                <data
80-->[com.google.firebase:firebase-auth:21.0.3] AndroidManifest.xml:39:17-42:51
81                    android:host="firebase.auth"
81-->[com.google.firebase:firebase-auth:21.0.3] AndroidManifest.xml:40:21-49
82                    android:path="/"
82-->[com.google.firebase:firebase-auth:21.0.3] AndroidManifest.xml:41:21-37
83                    android:scheme="genericidp" />
83-->[com.google.firebase:firebase-auth:21.0.3] AndroidManifest.xml:42:21-48
84            </intent-filter>
85        </activity>
86        <activity
86-->[com.google.firebase:firebase-auth:21.0.3] AndroidManifest.xml:45:9-62:20
87            android:name="com.google.firebase.auth.internal.RecaptchaActivity"
87-->[com.google.firebase:firebase-auth:21.0.3] AndroidManifest.xml:46:13-79
88            android:excludeFromRecents="true"
88-->[com.google.firebase:firebase-auth:21.0.3] AndroidManifest.xml:47:13-46
89            android:exported="true"
89-->[com.google.firebase:firebase-auth:21.0.3] AndroidManifest.xml:48:13-36
90            android:launchMode="singleTask"
90-->[com.google.firebase:firebase-auth:21.0.3] AndroidManifest.xml:49:13-44
91            android:theme="@android:style/Theme.Translucent.NoTitleBar" >
91-->[com.google.firebase:firebase-auth:21.0.3] AndroidManifest.xml:50:13-72
92            <intent-filter>
92-->[com.google.firebase:firebase-auth:21.0.3] AndroidManifest.xml:51:13-61:29
93                <action android:name="android.intent.action.VIEW" />
93-->[com.google.firebase:firebase-auth:21.0.3] AndroidManifest.xml:34:17-69
93-->[com.google.firebase:firebase-auth:21.0.3] AndroidManifest.xml:34:25-66
94
95                <category android:name="android.intent.category.DEFAULT" />
95-->[com.google.firebase:firebase-auth:21.0.3] AndroidManifest.xml:36:17-76
95-->[com.google.firebase:firebase-auth:21.0.3] AndroidManifest.xml:36:27-73
96                <category android:name="android.intent.category.BROWSABLE" />
96-->[com.google.firebase:firebase-auth:21.0.3] AndroidManifest.xml:37:17-78
96-->[com.google.firebase:firebase-auth:21.0.3] AndroidManifest.xml:37:27-75
97
98                <data
98-->[com.google.firebase:firebase-auth:21.0.3] AndroidManifest.xml:39:17-42:51
99                    android:host="firebase.auth"
99-->[com.google.firebase:firebase-auth:21.0.3] AndroidManifest.xml:40:21-49
100                    android:path="/"
100-->[com.google.firebase:firebase-auth:21.0.3] AndroidManifest.xml:41:21-37
101                    android:scheme="recaptcha" />
101-->[com.google.firebase:firebase-auth:21.0.3] AndroidManifest.xml:42:21-48
102            </intent-filter>
103        </activity>
104
105        <service
105-->[com.google.firebase:firebase-auth:21.0.3] AndroidManifest.xml:64:9-70:19
106            android:name="com.google.firebase.components.ComponentDiscoveryService"
106-->[com.google.firebase:firebase-auth:21.0.3] AndroidManifest.xml:65:13-84
107            android:directBootAware="true"
107-->[com.google.firebase:firebase-common:20.1.0] AndroidManifest.xml:35:13-43
108            android:exported="false" >
108-->[com.google.firebase:firebase-auth:21.0.3] AndroidManifest.xml:66:13-37
109            <meta-data
109-->[com.google.firebase:firebase-auth:21.0.3] AndroidManifest.xml:67:13-69:85
110                android:name="com.google.firebase.components:com.google.firebase.auth.FirebaseAuthRegistrar"
110-->[com.google.firebase:firebase-auth:21.0.3] AndroidManifest.xml:68:17-109
111                android:value="com.google.firebase.components.ComponentRegistrar" />
111-->[com.google.firebase:firebase-auth:21.0.3] AndroidManifest.xml:69:17-82
112            <meta-data
112-->[com.google.firebase:firebase-firestore:21.4.0] AndroidManifest.xml:20:13-22:85
113                android:name="com.google.firebase.components:com.google.firebase.firestore.FirestoreRegistrar"
113-->[com.google.firebase:firebase-firestore:21.4.0] AndroidManifest.xml:21:17-111
114                android:value="com.google.firebase.components.ComponentRegistrar" />
114-->[com.google.firebase:firebase-firestore:21.4.0] AndroidManifest.xml:22:17-82
115        </service>
116
117        <receiver android:name="com.razorpay.RzpTokenReceiver" >
117-->[com.razorpay:checkout:1.6.6] AndroidManifest.xml:12:9-16:20
117-->[com.razorpay:checkout:1.6.6] AndroidManifest.xml:12:19-63
118            <intent-filter>
118-->[com.razorpay:checkout:1.6.6] AndroidManifest.xml:13:13-15:29
119                <action android:name="rzp.device_token.share" />
119-->[com.razorpay:checkout:1.6.6] AndroidManifest.xml:14:17-65
119-->[com.razorpay:checkout:1.6.6] AndroidManifest.xml:14:25-62
120            </intent-filter>
121        </receiver>
122
123        <activity
123-->[com.razorpay:checkout:1.6.6] AndroidManifest.xml:18:9-29:20
124            android:name="com.razorpay.CheckoutActivity"
124-->[com.razorpay:checkout:1.6.6] AndroidManifest.xml:19:13-57
125            android:configChanges="keyboard|keyboardHidden|orientation|screenSize"
125-->[com.razorpay:checkout:1.6.6] AndroidManifest.xml:20:13-83
126            android:theme="@style/CheckoutTheme" >
126-->[com.razorpay:checkout:1.6.6] AndroidManifest.xml:21:13-49
127            <intent-filter>
127-->[com.razorpay:checkout:1.6.6] AndroidManifest.xml:22:13-28:29
128                <action android:name="android.intent.action.MAIN" />
128-->src\main\AndroidManifest.xml:46:17-69
128-->src\main\AndroidManifest.xml:46:25-66
129
130                <data
130-->[com.google.firebase:firebase-auth:21.0.3] AndroidManifest.xml:39:17-42:51
131                    android:host="rzp.io"
131-->[com.google.firebase:firebase-auth:21.0.3] AndroidManifest.xml:40:21-49
132                    android:scheme="io.rzp" />
132-->[com.google.firebase:firebase-auth:21.0.3] AndroidManifest.xml:42:21-48
133            </intent-filter>
134        </activity>
135        <activity
135-->[com.google.android.gms:play-services-auth:17.0.0] AndroidManifest.xml:23:9-27:75
136            android:name="com.google.android.gms.auth.api.signin.internal.SignInHubActivity"
136-->[com.google.android.gms:play-services-auth:17.0.0] AndroidManifest.xml:24:13-93
137            android:excludeFromRecents="true"
137-->[com.google.android.gms:play-services-auth:17.0.0] AndroidManifest.xml:25:13-46
138            android:exported="false"
138-->[com.google.android.gms:play-services-auth:17.0.0] AndroidManifest.xml:26:13-37
139            android:theme="@android:style/Theme.Translucent.NoTitleBar" />
139-->[com.google.android.gms:play-services-auth:17.0.0] AndroidManifest.xml:27:13-72
140        <!--
141            Service handling Google Sign-In user revocation. For apps that do not integrate with
142            Google Sign-In, this service will never be started.
143        -->
144        <service
144-->[com.google.android.gms:play-services-auth:17.0.0] AndroidManifest.xml:33:9-36:110
145            android:name="com.google.android.gms.auth.api.signin.RevocationBoundService"
145-->[com.google.android.gms:play-services-auth:17.0.0] AndroidManifest.xml:34:13-89
146            android:exported="true"
146-->[com.google.android.gms:play-services-auth:17.0.0] AndroidManifest.xml:35:13-36
147            android:permission="com.google.android.gms.auth.api.signin.permission.REVOCATION_NOTIFICATION" />
147-->[com.google.android.gms:play-services-auth:17.0.0] AndroidManifest.xml:36:13-107
148
149        <provider
149-->[com.google.firebase:firebase-common:20.1.0] AndroidManifest.xml:26:9-31:39
150            android:name="com.google.firebase.provider.FirebaseInitProvider"
150-->[com.google.firebase:firebase-common:20.1.0] AndroidManifest.xml:27:13-77
151            android:authorities="com.example.projectmpecommerceapp.firebaseinitprovider"
151-->[com.google.firebase:firebase-common:20.1.0] AndroidManifest.xml:28:13-72
152            android:directBootAware="true"
152-->[com.google.firebase:firebase-common:20.1.0] AndroidManifest.xml:29:13-43
153            android:exported="false"
153-->[com.google.firebase:firebase-common:20.1.0] AndroidManifest.xml:30:13-37
154            android:initOrder="100" />
154-->[com.google.firebase:firebase-common:20.1.0] AndroidManifest.xml:31:13-36
155
156        <activity
156-->[com.google.android.gms:play-services-base:17.1.0] AndroidManifest.xml:23:9-26:75
157            android:name="com.google.android.gms.common.api.GoogleApiActivity"
157-->[com.google.android.gms:play-services-base:17.1.0] AndroidManifest.xml:24:13-79
158            android:exported="false"
158-->[com.google.android.gms:play-services-base:17.1.0] AndroidManifest.xml:25:13-37
159            android:theme="@android:style/Theme.Translucent.NoTitleBar" />
159-->[com.google.android.gms:play-services-base:17.1.0] AndroidManifest.xml:26:13-72
160
161        <meta-data
161-->[com.google.android.gms:play-services-basement:18.0.0] AndroidManifest.xml:21:9-23:69
162            android:name="com.google.android.gms.version"
162-->[com.google.android.gms:play-services-basement:18.0.0] AndroidManifest.xml:22:13-58
163            android:value="@integer/google_play_services_version" />
163-->[com.google.android.gms:play-services-basement:18.0.0] AndroidManifest.xml:23:13-66
164
165        <provider
165-->[androidx.emoji2:emoji2:1.0.0] AndroidManifest.xml:26:9-34:20
166            android:name="androidx.startup.InitializationProvider"
166-->[androidx.emoji2:emoji2:1.0.0] AndroidManifest.xml:27:13-67
167            android:authorities="com.example.projectmpecommerceapp.androidx-startup"
167-->[androidx.emoji2:emoji2:1.0.0] AndroidManifest.xml:28:13-68
168            android:exported="false" >
168-->[androidx.emoji2:emoji2:1.0.0] AndroidManifest.xml:29:13-37
169            <meta-data
169-->[androidx.emoji2:emoji2:1.0.0] AndroidManifest.xml:31:13-33:52
170                android:name="androidx.emoji2.text.EmojiCompatInitializer"
170-->[androidx.emoji2:emoji2:1.0.0] AndroidManifest.xml:32:17-75
171                android:value="androidx.startup" />
171-->[androidx.emoji2:emoji2:1.0.0] AndroidManifest.xml:33:17-49
172            <meta-data
172-->[androidx.lifecycle:lifecycle-process:2.4.0] AndroidManifest.xml:31:13-33:52
173                android:name="androidx.lifecycle.ProcessLifecycleInitializer"
173-->[androidx.lifecycle:lifecycle-process:2.4.0] AndroidManifest.xml:32:17-78
174                android:value="androidx.startup" />
174-->[androidx.lifecycle:lifecycle-process:2.4.0] AndroidManifest.xml:33:17-49
175        </provider>
176    </application>
177
178</manifest>